<?xml version="1.0" encoding="UTF-8"?>
<!-- Generated by org.testng.reporters.JUnitReportReporter -->
<testsuite skipped="0" hostname="Yuvan-HP-New" name="com.guru99.tests.LoginPageTests" tests="3" failures="0" timestamp="2021-01-24T13:57:41 CET" time="47.721" errors="0">
  <testcase name="verifyLogin" time="15.723" classname="com.guru99.tests.LoginPageTests"/>
  <testcase name="verifyLogin" time="15.678" classname="com.guru99.tests.LoginPageTests"/>
  <testcase name="verifyLogin" time="16.320" classname="com.guru99.tests.LoginPageTests"/>
</testsuite> <!-- com.guru99.tests.LoginPageTests -->
